<?xml version="1.0" encoding="UTF-8"?>
<!-- Generated by org.testng.reporters.JUnitReportReporter -->
<testsuite hostname="vamsiraji" failures="0" tests="10" name="com.salesfrocepom.tests.Automationpomscripts" time="85.395" errors="0" timestamp="2022-05-25T22:22:38 EDT" skipped="0">
  <testcase classname="com.salesfrocepom.tests.Automationpomscripts" name="NaviagtetoSFDC" time="5.070"/>
  <system-out/>
  <testcase classname="com.salesfrocepom.tests.Automationpomscripts" name="forgotpassword" time="6.362"/>
  <system-out/>
  <testcase classname="com.salesfrocepom.tests.Automationpomscripts" name="LoginSFDC" time="9.528"/>
  <system-out/>
  <testcase classname="com.salesfrocepom.tests.Automationpomscripts" name="checkrememberme" time="14.485"/>
  <system-out/>
  <testcase classname="com.salesfrocepom.tests.Automationpomscripts" name="LoginSFDC" time="7.962"/>
  <system-out/>
  <testcase classname="com.salesfrocepom.tests.Automationpomscripts" name="invalidlogindetials" time="4.654"/>
  <system-out/>
  <testcase classname="com.salesfrocepom.tests.Automationpomscripts" name="invalidlogindetials" time="6.993"/>
  <system-out/>
  <testcase classname="com.salesfrocepom.tests.Automationpomscripts" name="checkrememberme" time="13.916"/>
  <system-out/>
  <testcase classname="com.salesfrocepom.tests.Automationpomscripts" name="NaviagtetoSFDC" time="7.462"/>
  <system-out/>
  <testcase classname="com.salesfrocepom.tests.Automationpomscripts" name="forgotpassword" time="8.963"/>
  <system-out/>
</testsuite> <!-- com.salesfrocepom.tests.Automationpomscripts -->
